[INFO ] 2020-10-08 17:17:16.595 [main] com.epam.tasks.sixth.Main - trying to add bookBook{id=7, author='Джек Лондон', title='Игра', genre='рассказ'}
[INFO ] 2020-10-08 17:17:16.598 [main] tasks.sixth.data.book.BookDao - book Book{id=7, author='Джек Лондон', title='Игра', genre='рассказ'} was added to repository
[INFO ] 2020-10-08 17:17:16.598 [main] com.epam.tasks.sixth.Main - trying to find books with genre "рассказ"
[INFO ] 2020-10-08 17:17:16.599 [main] tasks.sixth.data.book.BookDao - creating GENRE specification
[INFO ] 2020-10-08 17:17:16.599 [main] tasks.sixth.data.book.BookDao - searching books
[DEBUG] 2020-10-08 17:17:16.599 [main] com.epam.tasks.sixth.Main - found books
[Book{id=3, author='Носов', title='Живая шляпа', genre='рассказ'}, Book{id=6, author='Джек Лондон', title='Любовь к жизни', genre='рассказ'}, Book{id=7, author='Джек Лондон', title='Игра', genre='рассказ'}]
[INFO ] 2020-10-08 17:17:16.599 [main] com.epam.tasks.sixth.Main - trying to remove bookBook{id=7, author='Джек Лондон', title='Игра', genre='рассказ'}
[INFO ] 2020-10-08 17:17:16.600 [main] tasks.sixth.data.book.BookDao - book Book{id=7, author='Джек Лондон', title='Игра', genre='рассказ'} was removed to repository
[INFO ] 2020-10-08 17:17:16.600 [main] com.epam.tasks.sixth.Main - trying to sort books by AUTHOR
[INFO ] 2020-10-08 17:17:16.600 [main] tasks.sixth.data.book.BookDao - creating AUTHOR sort
[INFO ] 2020-10-08 17:17:16.600 [main] tasks.sixth.data.book.BookDao - sorting
[INFO ] 2020-10-08 17:17:16.601 [main] tasks.sixth.data.book.BookDao - getting all books from repository
[DEBUG] 2020-10-08 17:17:16.601 [main] com.epam.tasks.sixth.Main - sorted books:
[Book{id=5, author='Джек Лондон', title='Белый Клык', genre='повесть'}, Book{id=6, author='Джек Лондон', title='Любовь к жизни', genre='рассказ'}, Book{id=1, author='Достоевский', title='Преступление и наказание', genre='роман'}, Book{id=4, author='Марк Твен', title='Приключения Тома Сойера', genre='роман'}, Book{id=3, author='Носов', title='Живая шляпа', genre='рассказ'}, Book{id=2, author='Толстой', title='Война и мир', genre='роман'}]
[INFO ] 2020-10-08 17:17:16.601 [main] com.epam.tasks.sixth.Main - trying to remove bookBook{id=7, author='Джек Лондон', title='Игра', genre='рассказ'}
[ERROR] 2020-10-08 17:17:16.601 [main] com.epam.tasks.sixth.Main - The book doesn't exist
com.epam.tasks.sixth.data.DataException: The book doesn't exist
	at com.epam.tasks.sixth.data.book.repository.MockBookRepo.removeBook(MockBookRepo.java:34) ~[classes/:?]
	at com.epam.tasks.sixth.data.book.BookDao.removeBook(BookDao.java:32) ~[classes/:?]
	at com.epam.tasks.sixth.Main.main(Main.java:48) [classes/:?]
